Printing 8 rows from table dog
+----+---------+---------+
| id | breedId | colorId |
+----+---------+---------+
|  1 |       1 |       1 |
+----+---------+---------+
|  2 |       1 |       2 |
+----+---------+---------+
|  3 |       1 |       3 |
+----+---------+---------+
|  4 |       2 |       2 |
+----+---------+---------+
|  5 |       3 |       2 |
+----+---------+---------+
|  6 |       3 |       3 |
+----+---------+---------+
|  7 |       4 |       3 |
+----+---------+---------+
|  8 |       4 |       4 |
+----+---------+---------+

Printing 4 rows from table breedLookup
+----+-------------+
| id |    breed    |
+----+-------------+
|  1 | Am Bulldog  |
+----+-------------+
|  2 | Blue Tick   |
+----+-------------+
|  3 | Labrador    |
+----+-------------+
|  4 | Gr Shepard  |
+----+-------------+

Printing 4 rows from table colorLookup
+----+-------+
| id | color |
+----+-------+
|  1 | White |
+----+-------+
|  2 | Grey  |
+----+-------+
|  3 | Black |
+----+-------+
|  4 | Brown |
+----+-------+

Printing 8 rows from table dog_expanded
+----+-------------+-------+
| id |    breed    | color |
+----+-------------+-------+
|  1 | Am Bulldog  | White |
+----+-------------+-------+
|  2 | Am Bulldog  | Grey  |
+----+-------------+-------+
|  4 | Blue Tick   | Grey  |
+----+-------------+-------+
|  5 | Labrador    | Grey  |
+----+-------------+-------+
|  3 | Am Bulldog  | Black |
+----+-------------+-------+
|  6 | Labrador    | Black |
+----+-------------+-------+
|  7 | Gr Shepard  | Black |
+----+-------------+-------+
|  8 | Gr Shepard  | Brown |
+----+-------------+-------+

